                ASUSTeK COMPUTER INC. UsbTool Utility  Rev.1.46 Build Mar 15 2023
**********  Copyright (C) ASUSTeK Computer Inc. All Rights Reserved.  **********
Current Platform :SVID=1043,Manufacture=ASUSTeK COMPUTER INC.,Product=PRIME H610M-CS D4,Sn=240537335600661
product info error.
bus |path            |vid |pid |bcd |group|speed|sequence|typec|layer|description         |L_I  |F_DM |F_DP |F_I  |F_B  |H_P  |H_I  |H_B  |S_I  |S_B  |SP_B |SPD  |DET  |  Result  
0001|01              |1043|0808|0305|0    | 3/3 |    0   |0    |0    |U32G1_1(U20)        |/    |/    |/    |/    |/    |V    |V    |V    |/    |/    |/    |V    |V    |Pass      
0001|0e              |1043|0808|0305|1    | 3/3 |    0   |0    |0    |USB_14(U20)         |/    |/    |/    |/    |/    |V    |V    |V    |/    |/    |/    |V    |V    |Pass      
0001|14              |1043|0808|0303|1    | 4/4 |    0   |0    |0    |U32G1_4(U30)        |/    |/    |/    |/    |/    |/    |/    |/    |V    |V    |/    |V    |V    |Pass      
0001|02              |1043|0808|0305|5    | 3/3 |    0   |0    |0    |U32G1_2(U20)        |/    |/    |/    |/    |/    |V    |V    |V    |/    |/    |/    |V    |V    |Pass      
0001|03              |1043|0808|0305|7    | 3/3 |    0   |0    |0    |U32G1_3(U20)        |/    |/    |/    |/    |/    |V    |V    |V    |/    |/    |/    |V    |V    |Pass      
0001|04              |1043|0808|0303|8    | 3/3 |    0   |0    |0    |U31G1_4(U20)        |/    |/    |/    |/    |/    |V    |V    |V    |/    |/    |/    |V    |V    |Pass      
0001|06              |1043|0808|0516|9    | 3/3 |    0   |0    |0    |LAN_USB_6           |/    |/    |/    |/    |/    |V    |V    |V    |/    |/    |/    |V    |V    |Pass      
0001|07              |1043|0808|0303|a    | 3/3 |    0   |0    |0    |USB_7(U20)          |/    |/    |/    |/    |/    |V    |V    |V    |/    |/    |/    |V    |V    |Pass      
0001|08              |1043|0808|0303|b    | 3/3 |    0   |0    |0    |USB_8(U20)          |/    |/    |/    |/    |/    |V    |V    |V    |/    |/    |/    |V    |V    |Pass      
0001|11              |1043|0808|0303|b    | 0/4 |    0   |0    |0    |U31G1_1(U30)        |/    |/    |/    |/    |/    |/    |/    |/    |N    |N    |/    |N    |N    |Fail      
0001|12              |1043|0808|0305|b    | 4/4 |    0   |0    |0    |U31G1_2(U30)        |/    |/    |/    |/    |/    |/    |/    |/    |V    |V    |/    |V    |V    |Pass      
0001|13              |1043|0808|0305|b    | 4/4 |    0   |0    |0    |U31G1_3(U30)        |/    |/    |/    |/    |/    |/    |/    |/    |V    |V    |/    |V    |V    |Pass      
0001|09              |1043|0808|0305|c    | 3/3 |    0   |0    |0    |USB_9(U20)          |/    |/    |/    |/    |/    |V    |V    |V    |/    |/    |/    |V    |V    |Pass      
bus |path                    |group|speed|sequence|typec|layer|vid |pid |bcd |hvid|hpid|hbdf    |dev_path
0002|02                      |5    |3    |0       |0    |0    |1043|0808|0305|8086|7ae0|00:14:00|0.1400.0.2
0002|03                      |7    |3    |0       |0    |0    |1043|0808|0305|8086|7ae0|00:14:00|0.1400.0.3
0002|04                      |8    |3    |0       |0    |0    |1043|0808|0303|8086|7ae0|00:14:00|0.1400.0.4
0002|06                      |9    |3    |0       |0    |0    |1043|0808|0516|8086|7ae0|00:14:00|0.1400.0.6
0002|07                      |a    |3    |0       |0    |0    |1043|0808|0303|8086|7ae0|00:14:00|0.1400.0.7
0002|08                      |b    |3    |0       |0    |0    |1043|0808|0303|8086|7ae0|00:14:00|0.1400.0.8
0002|09                      |c    |3    |0       |0    |0    |1043|0808|0305|8086|7ae0|00:14:00|0.1400.0.9
0002|0e                      |1    |3    |0       |0    |0    |1043|0808|0305|8086|7ae0|00:14:00|0.1400.0.14
            Return Code = 255,DT=38383

***  test fail *** 
