Compare T_UUID.INI & ORIGINALUUID2.INI32/32Compare Line 1 to -1
Compare Byte 1 to 131072
line	Arrange	file1(T_UUID.INI)	file2(ORIGINALUUID2.INI)
1   	0   	B		F
1   	1   	8		F
1   	2   	9		F
1   	3   	E		F
1   	4   	4		F
1   	6   	B		F
1   	7   	2		F
1   	8   	D		F
1   	9   	7		F
1   	10   	7		F
1   	11   	0		F
1   	12   	C		F
1   	13   	0		F
1   	14   	D		F
1   	15   	9		F
1   	17   	C		F
1   	18   	9		F
1   	19   	8		F
1   	20   	C		F
1   	21   	C		F
1   	22   	2		F
1   	23   	8		F
1   	24   	A		F
1   	25   	A		F
1   	26   	7		F
1   	27   	7		F
1   	28   	D		F
1   	29   	5		F
1   	30   	3		F
1   	31   	4		F
... File Compare different ...Compare T_UUID.INI & ORIGINALUUID.INI32/32Compare Line 1 to -1
Compare Byte 1 to 131072
line	Arrange	file1(T_UUID.INI)	file2(ORIGINALUUID.INI)
1   	0   	b		0
1   	1   	8		0
1   	2   	9		0
1   	3   	e		2
1   	4   	4		0
1   	5   	f		0
1   	6   	b		0
1   	7   	2		3
1   	8   	d		0
1   	9   	7		0
1   	10   	7		0
1   	11   	0		4
1   	12   	c		0
1   	14   	d		0
1   	15   	9		5
1   	16   	f		0
1   	17   	c		0
1   	18   	9		0
1   	19   	8		6
1   	20   	c		0
1   	21   	c		0
1   	22   	2		0
1   	23   	8		7
1   	24   	a		0
1   	25   	a		0
1   	26   	7		0
1   	27   	7		8
1   	28   	d		0
1   	29   	5		0
1   	30   	3		0
1   	31   	4		9
... File Compare different ...Compare T_UUID_MAC.INI & SC_MAC1.INI12/12Compare Line 1 to -1
Compare Byte 1 to 131072
line	Arrange	file1(T_UUID_MAC.INI)	file2(SC_MAC1.INI)
... File Compare OK ...* Write UUID PASS *
